<?xml version="1.0" encoding="UTF-8"?>
<testsuite xmlns:xsi="http://www.w3.org/2001/XMLSchema-instance" xsi:noNamespaceSchemaLocation="https://maven.apache.org/surefire/maven-surefire-plugin/xsd/surefire-test-report.xsd" name="com.hgc.junittest.JunittestApplicationTests" time="4.224" tests="3" errors="0" skipped="0" failures="0">
  <properties>
[...]
</properties>
  <testcase name="testOne" classname="com.hgc.junittest.JunittestApplicationTests" time="0.35"/>
  <testcase name="testTwo" classname="com.hgc.junittest.JunittestApplicationTests" time="0"/>
  <testcase name="contextLoads" classname="com.hgc.junittest.JunittestApplicationTests" time="0"/>
</testsuite>